[debug] [2020-03-27T16:39:51.596Z] ----------------------------------------------------------------------
[debug] [2020-03-27T16:39:51.597Z] Command:       /usr/local/bin/node /usr/local/bin/firebase serve --only hosting,functions
[debug] [2020-03-27T16:39:51.597Z] CLI Version:   7.16.1
[debug] [2020-03-27T16:39:51.597Z] Platform:      darwin
[debug] [2020-03-27T16:39:51.597Z] Node Version:  v8.17.0
[debug] [2020-03-27T16:39:51.598Z] Time:          Fri Mar 27 2020 17:39:51 GMT+0100 (CET)
[debug] [2020-03-27T16:39:51.598Z] ----------------------------------------------------------------------
[debug] [2020-03-27T16:39:51.598Z] 
[debug] [2020-03-27T16:39:51.606Z] > command requires scopes: ["email","openid","https://www.googleapis.com/auth/cloudplatformprojects.readonly","https://www.googleapis.com/auth/firebase","https://www.googleapis.com/auth/cloud-platform"]
[debug] [2020-03-27T16:39:51.606Z] > authorizing via signed-in user
[debug] [2020-03-27T16:39:51.606Z] [iam] checking project whatsmytokens for permissions ["firebase.projects.get"]
[debug] [2020-03-27T16:39:51.608Z] >>> HTTP REQUEST POST https://cloudresourcemanager.googleapis.com/v1/projects/whatsmytokens:testIamPermissions  

[debug] [2020-03-27T16:39:52.735Z] <<< HTTP RESPONSE 200
[debug] [2020-03-27T16:39:52.737Z] >>> HTTP REQUEST GET https://firebase.googleapis.com/v1beta1/projects/whatsmytokens  
 
[debug] [2020-03-27T16:39:53.094Z] <<< HTTP RESPONSE 200
[debug] [2020-03-27T16:39:53.097Z] >>> HTTP REQUEST GET https://firebase.googleapis.com/v1beta1/projects/whatsmytokens/webApps/-/config  
 
[warn] ⚠  Your functions directory does not specify a Node version.
   - Learn more at https://firebase.google.com/docs/functions/manage-functions#set_runtime_options
[info] ✔  functions: functions emulator started at http://localhost:5001
[debug] [2020-03-27T16:39:53.753Z] <<< HTTP RESPONSE 200
[info] i  functions: Watching "/Users/devfox/playground/whatsmytokens/functions" for Cloud Functions...
[debug] [2020-03-27T16:39:53.801Z] [worker-pool] addWorker(~diagnostic~)
[debug] [2020-03-27T16:39:53.801Z] [worker-pool] Adding worker with key ~diagnostic~, total=1
[debug] [2020-03-27T16:39:53.801Z] [worker-pool] submitWork(triggerId=)
[debug] [2020-03-27T16:39:53.801Z] [worker-~diagnostic~-041deba5-c9a1-4717-92c9-f86d7da2b4c6]: Assigning socketPath: /var/folders/k0/vjqwr6dd40s_njvvg5x1rnl00000gn/T/fire_emu_99147.sock
[debug] [2020-03-27T16:39:53.802Z] [worker-~diagnostic~-041deba5-c9a1-4717-92c9-f86d7da2b4c6]: BUSY
[info] i  hosting: Serving hosting files from: dist
[info] ✔  hosting: Local server: http://localhost:5000
[debug] [2020-03-27T16:39:54.003Z] [runtime-status] [99147] Functions runtime initialized. {"cwd":"/Users/devfox/playground/whatsmytokens/functions","node_version":"8.17.0"}
[debug] [2020-03-27T16:39:54.003Z] [runtime-status] [99147] Disabled runtime features: {"functions_config_helper":true,"network_filtering":true,"timeout":true,"memory_limiting":true,"admin_stubs":true,"pubsub_emulator":true}
[warn] ⚠  The Cloud Functions emulator requires the module "firebase-admin" to be installed as a dependency. To fix this, run "npm install --save firebase-admin" in your functions directory.
[info] i  functions: Your functions could not be parsed due to an issue with your node_modules (see above)
[debug] [2020-03-27T16:39:54.024Z] [worker-~diagnostic~-041deba5-c9a1-4717-92c9-f86d7da2b4c6]: exited
[debug] [2020-03-27T16:39:54.025Z] [worker-~diagnostic~-041deba5-c9a1-4717-92c9-f86d7da2b4c6]: FINISHED
